<?xml version="1.0" encoding="UTF-8"?>
<testsuite name="JUnit Vintage" tests="3" skipped="0" failures="0" errors="0" time="0.041" hostname="b714d22ef1d2" timestamp="2022-05-01T19:06:07">
<properties>
<property name="file.encoding" value="UTF-8"/>
<property name="file.separator" value="/"/>
<property name="java.class.path" value="./lib/junit-platform-console-standalone-1.8.0-RC1.jar"/>
<property name="java.class.version" value="61.0"/>
<property name="java.home" value="/usr/lib/jvm/java-17-openjdk-amd64"/>
<property name="java.io.tmpdir" value="/tmp"/>
<property name="java.library.path" value="/usr/java/packages/lib:/usr/lib/x86_64-linux-gnu/jni:/lib/x86_64-linux-gnu:/usr/lib/x86_64-linux-gnu:/usr/lib/jni:/lib:/usr/lib"/>
<property name="java.runtime.name" value="OpenJDK Runtime Environment"/>
<property name="java.runtime.version" value="17.0.3+7-Ubuntu-0ubuntu0.20.04.1"/>
<property name="java.specification.name" value="Java Platform API Specification"/>
<property name="java.specification.vendor" value="Oracle Corporation"/>
<property name="java.specification.version" value="17"/>
<property name="java.vendor" value="Private Build"/>
<property name="java.vendor.url" value="Unknown"/>
<property name="java.vendor.url.bug" value="Unknown"/>
<property name="java.version" value="17.0.3"/>
<property name="java.version.date" value="2022-04-19"/>
<property name="java.vm.compressedOopsMode" value="32-bit"/>
<property name="java.vm.info" value="mixed mode, sharing"/>
<property name="java.vm.name" value="OpenJDK 64-Bit Server VM"/>
<property name="java.vm.specification.name" value="Java Virtual Machine Specification"/>
<property name="java.vm.specification.vendor" value="Oracle Corporation"/>
<property name="java.vm.specification.version" value="17"/>
<property name="java.vm.vendor" value="Private Build"/>
<property name="java.vm.version" value="17.0.3+7-Ubuntu-0ubuntu0.20.04.1"/>
<property name="jdk.debug" value="release"/>
<property name="line.separator" value="
"/>
<property name="native.encoding" value="UTF-8"/>
<property name="os.arch" value="amd64"/>
<property name="os.name" value="Linux"/>
<property name="os.version" value="5.13.0-1017-aws"/>
<property name="path.separator" value=":"/>
<property name="sun.arch.data.model" value="64"/>
<property name="sun.boot.library.path" value="/usr/lib/jvm/java-17-openjdk-amd64/lib"/>
<property name="sun.cpu.endian" value="little"/>
<property name="sun.io.unicode.encoding" value="UnicodeLittle"/>
<property name="sun.java.command" value="./lib/junit-platform-console-standalone-1.8.0-RC1.jar --disable-banner --reports-dir test_reports --details tree -cp ./target:./lib:./src:.:lib/DS_Library_Complete.jar:lib/DataStructures.jar:lib/hamcrest-core-1.3.jar:lib/junit-4.12.jar:lib/junit-platform-console-standalone-1.8.0-RC1.jar:lib/pitest-command-line.jar:lib/pitest-entry.jar:lib/pitest-junit5-plugin.jar:lib/pitest.jar -m pyramid_scheme.PyramidSchemeTest#testWhoBenefits -m pyramid_scheme.PyramidSchemeTest#testAddChild -m pyramid_scheme.PyramidSchemeTest#testInitiateCollapse"/>
<property name="sun.java.launcher" value="SUN_STANDARD"/>
<property name="sun.jnu.encoding" value="UTF-8"/>
<property name="sun.management.compiler" value="HotSpot 64-Bit Tiered Compilers"/>
<property name="user.country" value="US"/>
<property name="user.dir" value="/usercode"/>
<property name="user.home" value="/home/mysql"/>
<property name="user.language" value="en"/>
<property name="user.name" value="mysql"/>
<property name="user.timezone" value="Etc/UTC"/>
</properties>
<testcase name="testInitiateCollapse" classname="pyramid_scheme.PyramidSchemeTest" time="0.009">
<system-out><![CDATA[
unique-id: [engine:junit-vintage]/[runner:pyramid_scheme.PyramidSchemeTest]/[test:testInitiateCollapse(pyramid_scheme.PyramidSchemeTest)]
display-name: testInitiateCollapse
]]></system-out>
</testcase>
<testcase name="testAddChild" classname="pyramid_scheme.PyramidSchemeTest" time="0.004">
<system-out><![CDATA[
unique-id: [engine:junit-vintage]/[runner:pyramid_scheme.PyramidSchemeTest]/[test:testAddChild(pyramid_scheme.PyramidSchemeTest)]
display-name: testAddChild
]]></system-out>
</testcase>
<testcase name="testWhoBenefits" classname="pyramid_scheme.PyramidSchemeTest" time="0">
<system-out><![CDATA[
unique-id: [engine:junit-vintage]/[runner:pyramid_scheme.PyramidSchemeTest]/[test:testWhoBenefits(pyramid_scheme.PyramidSchemeTest)]
display-name: testWhoBenefits
]]></system-out>
</testcase>
<system-out><![CDATA[
unique-id: [engine:junit-vintage]
display-name: JUnit Vintage
]]></system-out>
</testsuite>
